#
# A fatal error has been detected by the Java Runtime Environment:
#
#  EXCEPTION_ACCESS_VIOLATION (0xc0000005) at pc=0x0000000059a3317c, pid=6644, tid=4932
#
# JRE version: Java(TM) SE Runtime Environment (9.0+11) (build 9.0.4+11)
# Java VM: Java HotSpot(TM) 64-Bit Server VM (9.0.4+11, mixed mode, tiered, compressed oops, g1 gc, windows-amd64)
# Problematic frame:
# V  [jvm.dll+0x3b317c]
#
# No core dump will be written. Minidumps are not enabled by default on client versions of Windows
#
# If you would like to submit a bug report, please visit:
#   http://bugreport.java.com/bugreport/crash.jsp
#

---------------  S U M M A R Y ------------

Command Line: -Dcom.sun.management.jmxremote -Dcom.sun.management.jmxremote.port=49699 -Dcom.sun.management.jmxremote.authenticate=false -Dcom.sun.management.jmxremote.ssl=false -Djava.rmi.server.hostname=localhost -Dspring.application.admin.enabled=true -Xverify:none -XX:TieredStopAtLevel=1 -Dfile.encoding=UTF-8 com.example.demo.VesperSdfuApplication --spring.output.ansi.enabled=always

Host: Intel(R) Core(TM) i5-4210U CPU @ 1.70GHz, 4 cores, 7G,  Windows 8.1 , 64 bit Build 9600 (6.3.9600.19326)
Time: Sat May 04 22:53:06 2019 India Standard Time elapsed time: 5 seconds (0d 0h 0m 5s)

---------------  T H R E A D  ---------------

Current thread (0x0000007cda727800):  VMThread "VM Thread" [stack: 0x0000007cda870000,0x0000007cda970000] [id=4932]

Stack: [0x0000007cda870000,0x0000007cda970000],  sp=0x0000007cda96f198,  free space=1020k
Native frames: (J=compiled Java code, j=interpreted, Vv=VM code, C=native code)


siginfo: EXCEPTION_ACCESS_VIOLATION (0xc0000005), writing address 0x0000000800000006


Register to memory mapping:

RIP=0x0000000059a3317c jvm.dll
RAX=0x00000000823f18e0 is an oop
java.lang.Object 
{0x00000000823f18e0} - klass: 'java/lang/Object'
RBX=0x0000000000000000 is an unknown value
RCX=0x0000000800000007 is an unknown value
RDX=0x000000008b400000 is an oop
java.lang.String 
{0x000000008b400000} - klass: 'java/lang/String'
RSP=0x0000007cda96f198 is an unknown value
RBP=0x0000000000000000 is an unknown value
RSI=0x0000000000000001 is an unknown value
RDI=0x0000007cdc55ea30 is an unknown value
R8 =0x0000000000000008 is an unknown value
R9 =0x0000000000000000 is an unknown value
R10=0x0000000000000003 is an unknown value
R11=0x0000000000000000 is an unknown value
R12=0x0000007cda6e57d8 is an unknown value
R13=0x00000000000003d8 is an unknown value
R14=0x0000007cd9ddd400 is an unknown value
R15=0x0000007cda6e5400 is an unknown value


Registers:
RAX=0x00000000823f18e0, RBX=0x0000000000000000, RCX=0x0000000800000007, RDX=0x000000008b400000
RSP=0x0000007cda96f198, RBP=0x0000000000000000, RSI=0x0000000000000001, RDI=0x0000007cdc55ea30
R8 =0x0000000000000008, R9 =0x0000000000000000, R10=0x0000000000000003, R11=0x0000000000000000
R12=0x0000007cda6e57d8, R13=0x00000000000003d8, R14=0x0000007cd9ddd400, R15=0x0000007cda6e5400
RIP=0x0000000059a3317c, EFLAGS=0x0000000000010202

Top of Stack: (sp=0x0000007cda96f198)
0x0000007cda96f198:   0000000059bd07cd 0000000000000000
0x0000007cda96f1a8:   0000007cda96f3b0 0000000000000026
0x0000007cda96f1b8:   00007ffc521369d8 0000000100140828
0x0000007cda96f1c8:   00000000599accc0 0000000000000000
0x0000007cda96f1d8:   0000007cdc55ea30 400e12f759541f2c
0x0000007cda96f1e8:   0000000000000000 3f93c88a561d5f00
0x0000007cda96f1f8:   0000007cdc57dc70 0000007cba495000
0x0000007cda96f208:   0000007cda96f3b0 0000000100140828
0x0000007cda96f218:   00000000599acdbe 000000000000009a
0x0000007cda96f228:   0000000059c0159f 0000000100140968
0x0000007cda96f238:   0000000000000000 0000000100140828
0x0000007cda96f248:   00000000598338b2 000000000000009a
0x0000007cda96f258:   000000005993c433 000000026537e03d
0x0000007cda96f268:   0000007cba412d80 0000007cdc57dc70
0x0000007cda96f278:   0000000059835aaf 400e12f759541f2c
0x0000007cda96f288:   0000007cdc57dca0 0000007cdc57e840 

Instructions: (pc=0x0000000059a3317c)
0x0000000059a3315c:   5e 5f c3 cc 48 85 c9 74 0a 48 8b 05 7c b3 5a 00
0x0000000059a3316c:   48 89 01 c3 48 85 c9 74 0b 48 8b 05 6c b3 5a 00
0x0000000059a3317c:   48 89 41 ff c3 cc cc cc cc cc cc cc cc cc cc cc
0x0000000059a3318c:   cc cc cc cc 48 83 ec 28 48 8d 0d 5d e2 3f 00 ba 


VM_Operation (0x0000007cd782f560): CGC_Operation, mode: safepoint, requested by thread 0x0000007cba496000


---------------  P R O C E S S  ---------------

Java Threads: ( => current thread )
  0x0000007cdca2f000 JavaThread "background-preinit" [_thread_blocked, id=3424, stack(0x0000007cde430000,0x0000007cde530000)]
  0x0000007cdc8ee000 JavaThread "JMX server connection timeout 19" daemon [_thread_blocked, id=1140, stack(0x0000007cde130000,0x0000007cde230000)]
  0x0000007cdc5a7800 JavaThread "RMI TCP Connection(2)-127.0.0.1" daemon [_thread_blocked, id=7112, stack(0x0000007cde030000,0x0000007cde130000)]
  0x0000007cdc5ca000 JavaThread "RMI Scheduler(0)" daemon [_thread_blocked, id=5600, stack(0x0000007cddf30000,0x0000007cde030000)]
  0x0000007cdc57f000 JavaThread "RMI TCP Accept-0" daemon [_thread_in_native, id=7148, stack(0x0000007cdda30000,0x0000007cddb30000)]
  0x0000007cdc57b800 JavaThread "RMI TCP Connection(1)-127.0.0.1" daemon [_thread_in_native, id=4360, stack(0x0000007cdd930000,0x0000007cdda30000)]
  0x0000007cdc588000 JavaThread "RMI TCP Accept-49699" daemon [_thread_in_native, id=2392, stack(0x0000007cdd830000,0x0000007cdd930000)]
  0x0000007cdc55d800 JavaThread "RMI TCP Accept-0" daemon [_thread_in_native, id=3476, stack(0x0000007cdd140000,0x0000007cdd240000)]
  0x0000007cdb6e9000 JavaThread "Service Thread" daemon [_thread_blocked, id=6100, stack(0x0000007cdb350000,0x0000007cdb450000)]
  0x0000007cda815000 JavaThread "Common-Cleaner" daemon [_thread_blocked, id=5672, stack(0x0000007cdb250000,0x0000007cdb350000)]
  0x0000007cda782800 JavaThread "Sweeper thread" daemon [_thread_blocked, id=4216, stack(0x0000007cdb150000,0x0000007cdb250000)]
  0x0000007cda781800 JavaThread "C1 CompilerThread2" daemon [_thread_blocked, id=5020, stack(0x0000007cdb050000,0x0000007cdb150000)]
  0x0000007cda76d000 JavaThread "C1 CompilerThread1" daemon [_thread_blocked, id=6728, stack(0x0000007cdaf50000,0x0000007cdb050000)]
  0x0000007cda764800 JavaThread "C1 CompilerThread0" daemon [_thread_blocked, id=5188, stack(0x0000007cdae50000,0x0000007cdaf50000)]
  0x0000007cda763800 JavaThread "Attach Listener" daemon [_thread_blocked, id=3560, stack(0x0000007cdad50000,0x0000007cdae50000)]
  0x0000007cda762800 JavaThread "Signal Dispatcher" daemon [_thread_blocked, id=6508, stack(0x0000007cdac50000,0x0000007cdad50000)]
  0x0000007cda75c800 JavaThread "Finalizer" daemon [_thread_blocked, id=4272, stack(0x0000007cdaa70000,0x0000007cdab70000)]
  0x0000007cda72d000 JavaThread "Reference Handler" daemon [_thread_blocked, id=4472, stack(0x0000007cda970000,0x0000007cdaa70000)]
  0x0000007cba3fd800 JavaThread "main" [_thread_blocked, id=4540, stack(0x0000007cbbc20000,0x0000007cbbd20000)]

Other Threads:
=>0x0000007cda727800 VMThread "VM Thread" [stack: 0x0000007cda870000,0x0000007cda970000] [id=4932]
  0x0000007cdc580000 WatcherThread [stack: 0x0000007cddb30000,0x0000007cddc30000] [id=6820]
  0x0000007cba416000 GCTaskThread "GC Thread#0" [stack: 0x0000007cd1a40000,0x0000007cd1b40000] [id=5976]
  0x0000007cba417800 GCTaskThread "GC Thread#1" [stack: 0x0000007cd1b40000,0x0000007cd1c40000] [id=6492]
  0x0000007cba419000 GCTaskThread "GC Thread#2" [stack: 0x0000007cd1c40000,0x0000007cd1d40000] [id=1704]
  0x0000007cba41b800 GCTaskThread "GC Thread#3" [stack: 0x0000007cd1d40000,0x0000007cd1e40000] [id=6948]
  0x0000007cba496000 ConcurrentGCThread "G1 Main Marker" [stack: 0x0000007cd7730000,0x0000007cd7830000] [id=6744]
  0x0000007cba497000 ConcurrentGCThread "G1 Marker#0" [stack: 0x0000007cd7830000,0x0000007cd7930000] [id=4724]
  0x0000007cba426000 ConcurrentGCThread "G1 Refine#0" [stack: 0x0000007cd2590000,0x0000007cd2690000] [id=2312]
  0x0000007cba423800 ConcurrentGCThread "G1 Refine#1" [stack: 0x0000007cd2490000,0x0000007cd2590000] [id=1644]
  0x0000007cba41f000 ConcurrentGCThread "G1 Refine#2" [stack: 0x0000007cd2390000,0x0000007cd2490000] [id=5588]
  0x0000007cba41d000 ConcurrentGCThread "G1 Refine#3" [stack: 0x0000007cd2290000,0x0000007cd2390000] [id=5948]
  0x0000007cba427800 ConcurrentGCThread "G1 Young RemSet Sampling" [stack: 0x0000007cd2690000,0x0000007cd2790000] [id=2808]

Threads with active compile tasks:

VM state:at safepoint (normal execution)

VM Mutex/Monitor currently owned by a thread:  ([mutex/lock_event])
[0x0000007cba3fc450] Threads_lock - owner thread: 0x0000007cda727800
[0x0000007cba3fcba0] Heap_lock - owner thread: 0x0000007cba496000

Heap address: 0x0000000081c00000, size: 2020 MB, Compressed Oops mode: 32-bit
Narrow klass base: 0x0000000000000000, Narrow klass shift: 3
Compressed class space size: 1073741824 Address: 0x0000000100000000

Heap:
 garbage-first heap   total 157696K, used 26773K [0x0000000081c00000, 0x0000000081d004d0, 0x0000000100000000)
  region size 1024K, 8 young (8192K), 6 survivors (6144K)
 Metaspace       used 20510K, capacity 21774K, committed 21960K, reserved 1069056K
  class space    used 2719K, capacity 2993K, committed 3072K, reserved 1048576K
Heap Regions: E=young(eden), S=young(survivor), O=old, HS=humongous(starts), HC=humongous(continues), CS=collection set, F=free, A=archive, TS=gc time stamp, AC=allocation context, TAMS=top-at-mark-start (previous, next)
|   0|0x0000000081c00000, 0x0000000081d00000, 0x0000000081d00000|100%|HS|  |TS  0|AC  0|TAMS 0x0000000081d00000, 0x0000000081d00000|
|   1|0x0000000081d00000, 0x0000000081e00000, 0x0000000081e00000|100%| O|  |TS  0|AC  0|TAMS 0x0000000081e00000, 0x0000000081e00000|
|   2|0x0000000081e00000, 0x0000000081f00000, 0x0000000081f00000|100%| O|  |TS  0|AC  0|TAMS 0x0000000081f00000, 0x0000000081f00000|
|   3|0x0000000081f00000, 0x0000000082000000, 0x0000000082000000|100%| O|  |TS  0|AC  0|TAMS 0x0000000082000000, 0x0000000082000000|
|   4|0x0000000082000000, 0x0000000082100000, 0x0000000082100000|100%| O|  |TS  0|AC  0|TAMS 0x0000000082100000, 0x0000000082100000|
|   5|0x0000000082100000, 0x0000000082200000, 0x0000000082200000|100%| O|  |TS  0|AC  0|TAMS 0x0000000082200000, 0x0000000082200000|
|   6|0x0000000082200000, 0x0000000082300000, 0x0000000082300000|100%| O|  |TS  0|AC  0|TAMS 0x0000000082300000, 0x0000000082300000|
|   7|0x0000000082300000, 0x0000000082400000, 0x0000000082400000|100%| O|  |TS  0|AC  0|TAMS 0x0000000082400000, 0x0000000082400000|
|   8|0x0000000082400000, 0x0000000082500000, 0x0000000082500000|100%|HS|  |TS  0|AC  0|TAMS 0x0000000082500000, 0x0000000082500000|
|   9|0x0000000082500000, 0x0000000082600000, 0x0000000082600000|100%| O|  |TS  0|AC  0|TAMS 0x0000000082600000, 0x0000000082600000|
|  10|0x0000000082600000, 0x0000000082700000, 0x0000000082700000|100%| O|  |TS  0|AC  0|TAMS 0x0000000082700000, 0x0000000082700000|
|  11|0x0000000082700000, 0x0000000082800000, 0x0000000082800000|100%| O|  |TS  0|AC  0|TAMS 0x0000000082800000, 0x0000000082800000|
|  12|0x0000000082800000, 0x0000000082900000, 0x0000000082900000|100%| O|  |TS  0|AC  0|TAMS 0x0000000082900000, 0x0000000082900000|
|  13|0x0000000082900000, 0x0000000082a00000, 0x0000000082a00000|100%| O|  |TS  0|AC  0|TAMS 0x0000000082a00000, 0x0000000082a00000|
|  14|0x0000000082a00000, 0x0000000082b00000, 0x0000000082b00000|100%| O|  |TS  0|AC  0|TAMS 0x0000000082b00000, 0x0000000082b00000|
|  15|0x0000000082b00000, 0x0000000082c00000, 0x0000000082c00000|100%| O|  |TS  0|AC  0|TAMS 0x0000000082c00000, 0x0000000082c00000|
|  16|0x0000000082c00000, 0x0000000082d00000, 0x0000000082d00000|100%| O|  |TS  0|AC  0|TAMS 0x0000000082d00000, 0x0000000082d00000|
|  17|0x0000000082d00000, 0x0000000082e00000, 0x0000000082e00000|100%| O|  |TS  0|AC  0|TAMS 0x0000000082e00000, 0x0000000082e00000|
|  18|0x0000000082e00000, 0x0000000082f00000, 0x0000000082f00000|100%| O|  |TS  0|AC  0|TAMS 0x0000000082f00000, 0x0000000082f00000|
|  19|0x0000000082f00000, 0x0000000082f3aa00, 0x0000000083000000| 22%| O|  |TS  0|AC  0|TAMS 0x0000000082f3aa00, 0x0000000082f3aa00|
|  20|0x0000000083000000, 0x0000000083000000, 0x0000000083100000|  0%| F|  |TS  0|AC  0|TAMS 0x0000000083000000, 0x0000000083000000|
|  21|0x0000000083100000, 0x0000000083100000, 0x0000000083200000|  0%| F|  |TS  0|AC  0|TAMS 0x0000000083100000, 0x0000000083100000|
|  22|0x0000000083200000, 0x0000000083200000, 0x0000000083300000|  0%| F|  |TS  0|AC  0|TAMS 0x0000000083200000, 0x0000000083200000|
|  23|0x0000000083300000, 0x0000000083300000, 0x0000000083400000|  0%| F|  |TS  0|AC  0|TAMS 0x0000000083300000, 0x0000000083300000|
|  24|0x0000000083400000, 0x0000000083400000, 0x0000000083500000|  0%| F|  |TS  0|AC  0|TAMS 0x0000000083400000, 0x0000000083400000|
|  25|0x0000000083500000, 0x0000000083500000, 0x0000000083600000|  0%| F|  |TS  0|AC  0|TAMS 0x0000000083500000, 0x0000000083500000|
|  26|0x0000000083600000, 0x0000000083600000, 0x0000000083700000|  0%| F|  |TS  0|AC  0|TAMS 0x0000000083600000, 0x0000000083600000|
|  27|0x0000000083700000, 0x0000000083700000, 0x0000000083800000|  0%| F|  |TS  0|AC  0|TAMS 0x0000000083700000, 0x0000000083700000|
|  28|0x0000000083800000, 0x0000000083800000, 0x0000000083900000|  0%| F|  |TS  0|AC  0|TAMS 0x0000000083800000, 0x0000000083800000|
|  29|0x0000000083900000, 0x0000000083900000, 0x0000000083a00000|  0%| F|  |TS  0|AC  0|TAMS 0x0000000083900000, 0x0000000083900000|
|  30|0x0000000083a00000, 0x0000000083a00000, 0x0000000083b00000|  0%| F|  |TS  0|AC  0|TAMS 0x0000000083a00000, 0x0000000083a00000|
|  31|0x0000000083b00000, 0x0000000083b00000, 0x0000000083c00000|  0%| F|  |TS  0|AC  0|TAMS 0x0000000083b00000, 0x0000000083b00000|
|  32|0x0000000083c00000, 0x0000000083c00000, 0x0000000083d00000|  0%| F|  |TS  0|AC  0|TAMS 0x0000000083c00000, 0x0000000083c00000|
|  33|0x0000000083d00000, 0x0000000083d00000, 0x0000000083e00000|  0%| F|  |TS  0|AC  0|TAMS 0x0000000083d00000, 0x0000000083d00000|
|  34|0x0000000083e00000, 0x0000000083e00000, 0x0000000083f00000|  0%| F|  |TS  0|AC  0|TAMS 0x0000000083e00000, 0x0000000083e00000|
|  35|0x0000000083f00000, 0x0000000083f00000, 0x0000000084000000|  0%| F|  |TS  0|AC  0|TAMS 0x0000000083f00000, 0x0000000083f00000|
|  36|0x0000000084000000, 0x0000000084000000, 0x0000000084100000|  0%| F|  |TS  0|AC  0|TAMS 0x0000000084000000, 0x0000000084000000|
|  37|0x0000000084100000, 0x0000000084100000, 0x0000000084200000|  0%| F|  |TS  0|AC  0|TAMS 0x0000000084100000, 0x0000000084100000|
|  38|0x0000000084200000, 0x0000000084200000, 0x0000000084300000|  0%| F|  |TS  0|AC  0|TAMS 0x0000000084200000, 0x0000000084200000|
|  39|0x0000000084300000, 0x0000000084300000, 0x0000000084400000|  0%| F|  |TS  0|AC  0|TAMS 0x0000000084300000, 0x0000000084300000|
|  40|0x0000000084400000, 0x0000000084400000, 0x0000000084500000|  0%| F|  |TS  0|AC  0|TAMS 0x0000000084400000, 0x0000000084400000|
|  41|0x0000000084500000, 0x0000000084500000, 0x0000000084600000|  0%| F|  |TS  0|AC  0|TAMS 0x0000000084500000, 0x0000000084500000|
|  42|0x0000000084600000, 0x0000000084600000, 0x0000000084700000|  0%| F|  |TS  0|AC  0|TAMS 0x0000000084600000, 0x0000000084600000|
|  43|0x0000000084700000, 0x0000000084700000, 0x0000000084800000|  0%| F|  |TS  0|AC  0|TAMS 0x0000000084700000, 0x0000000084700000|
|  44|0x0000000084800000, 0x0000000084800000, 0x0000000084900000|  0%| F|  |TS  0|AC  0|TAMS 0x0000000084800000, 0x0000000084800000|
|  45|0x0000000084900000, 0x0000000084900000, 0x0000000084a00000|  0%| F|  |TS  0|AC  0|TAMS 0x0000000084900000, 0x0000000084900000|
|  46|0x0000000084a00000, 0x0000000084a00000, 0x0000000084b00000|  0%| F|  |TS  0|AC  0|TAMS 0x0000000084a00000, 0x0000000084a00000|
|  47|0x0000000084b00000, 0x0000000084b00000, 0x0000000084c00000|  0%| F|  |TS  0|AC  0|TAMS 0x0000000084b00000, 0x0000000084b00000|
|  48|0x0000000084c00000, 0x0000000084c00000, 0x0000000084d00000|  0%| F|  |TS  0|AC  0|TAMS 0x0000000084c00000, 0x0000000084c00000|
|  49|0x0000000084d00000, 0x0000000084d00000, 0x0000000084e00000|  0%| F|  |TS  0|AC  0|TAMS 0x0000000084d00000, 0x0000000084d00000|
|  50|0x0000000084e00000, 0x0000000084e00000, 0x0000000084f00000|  0%| F|  |TS  0|AC  0|TAMS 0x0000000084e00000, 0x0000000084e00000|
|  51|0x0000000084f00000, 0x0000000084f00000, 0x0000000085000000|  0%| F|  |TS  0|AC  0|TAMS 0x0000000084f00000, 0x0000000084f00000|
|  52|0x0000000085000000, 0x0000000085000000, 0x0000000085100000|  0%| F|  |TS  0|AC  0|TAMS 0x0000000085000000, 0x0000000085000000|
|  53|0x0000000085100000, 0x0000000085100000, 0x0000000085200000|  0%| F|  |TS  0|AC  0|TAMS 0x0000000085100000, 0x0000000085100000|
|  54|0x0000000085200000, 0x0000000085200000, 0x0000000085300000|  0%| F|  |TS  0|AC  0|TAMS 0x0000000085200000, 0x0000000085200000|
|  55|0x0000000085300000, 0x0000000085300000, 0x0000000085400000|  0%| F|  |TS  0|AC  0|TAMS 0x0000000085300000, 0x0000000085300000|
|  56|0x0000000085400000, 0x0000000085400000, 0x0000000085500000|  0%| F|  |TS  0|AC  0|TAMS 0x0000000085400000, 0x0000000085400000|
|  57|0x0000000085500000, 0x0000000085500000, 0x0000000085600000|  0%| F|  |TS  0|AC  0|TAMS 0x0000000085500000, 0x0000000085500000|
|  58|0x0000000085600000, 0x0000000085600000, 0x0000000085700000|  0%| F|  |TS  0|AC  0|TAMS 0x0000000085600000, 0x0000000085600000|
|  59|0x0000000085700000, 0x0000000085700000, 0x0000000085800000|  0%| F|  |TS  0|AC  0|TAMS 0x0000000085700000, 0x0000000085700000|
|  60|0x0000000085800000, 0x0000000085800000, 0x0000000085900000|  0%| F|  |TS  0|AC  0|TAMS 0x0000000085800000, 0x0000000085800000|
|  61|0x0000000085900000, 0x0000000085900000, 0x0000000085a00000|  0%| F|  |TS  0|AC  0|TAMS 0x0000000085900000, 0x0000000085900000|
|  62|0x0000000085a00000, 0x0000000085a00000, 0x0000000085b00000|  0%| F|  |TS  0|AC  0|TAMS 0x0000000085a00000, 0x0000000085a00000|
|  63|0x0000000085b00000, 0x0000000085b00000, 0x0000000085c00000|  0%| F|  |TS  0|AC  0|TAMS 0x0000000085b00000, 0x0000000085b00000|
|  64|0x0000000085c00000, 0x0000000085c00000, 0x0000000085d00000|  0%| F|  |TS  0|AC  0|TAMS 0x0000000085c00000, 0x0000000085c00000|
|  65|0x0000000085d00000, 0x0000000085d00000, 0x0000000085e00000|  0%| F|  |TS  0|AC  0|TAMS 0x0000000085d00000, 0x0000000085d00000|
|  66|0x0000000085e00000, 0x0000000085e00000, 0x0000000085f00000|  0%| F|  |TS  0|AC  0|TAMS 0x0000000085e00000, 0x0000000085e00000|
|  67|0x0000000085f00000, 0x0000000085f00000, 0x0000000086000000|  0%| F|  |TS  0|AC  0|TAMS 0x0000000085f00000, 0x0000000085f00000|
|  68|0x0000000086000000, 0x0000000086000000, 0x0000000086100000|  0%| F|  |TS  0|AC  0|TAMS 0x0000000086000000, 0x0000000086000000|
|  69|0x0000000086100000, 0x0000000086100000, 0x0000000086200000|  0%| F|  |TS  0|AC  0|TAMS 0x0000000086100000, 0x0000000086100000|
|  70|0x0000000086200000, 0x0000000086200000, 0x0000000086300000|  0%| F|  |TS  0|AC  0|TAMS 0x0000000086200000, 0x0000000086200000|
|  71|0x0000000086300000, 0x0000000086300000, 0x0000000086400000|  0%| F|  |TS  0|AC  0|TAMS 0x0000000086300000, 0x0000000086300000|
|  72|0x0000000086400000, 0x0000000086400000, 0x0000000086500000|  0%| F|  |TS  0|AC  0|TAMS 0x0000000086400000, 0x0000000086400000|
|  73|0x0000000086500000, 0x0000000086500000, 0x0000000086600000|  0%| F|  |TS  0|AC  0|TAMS 0x0000000086500000, 0x0000000086500000|
|  74|0x0000000086600000, 0x0000000086600000, 0x0000000086700000|  0%| F|  |TS  0|AC  0|TAMS 0x0000000086600000, 0x0000000086600000|
|  75|0x0000000086700000, 0x0000000086700000, 0x0000000086800000|  0%| F|  |TS  0|AC  0|TAMS 0x0000000086700000, 0x0000000086700000|
|  76|0x0000000086800000, 0x0000000086800000, 0x0000000086900000|  0%| F|  |TS  0|AC  0|TAMS 0x0000000086800000, 0x0000000086800000|
|  77|0x0000000086900000, 0x0000000086900000, 0x0000000086a00000|  0%| F|  |TS  0|AC  0|TAMS 0x0000000086900000, 0x0000000086900000|
|  78|0x0000000086a00000, 0x0000000086a00000, 0x0000000086b00000|  0%| F|  |TS  0|AC  0|TAMS 0x0000000086a00000, 0x0000000086a00000|
|  79|0x0000000086b00000, 0x0000000086b00000, 0x0000000086c00000|  0%| F|  |TS  0|AC  0|TAMS 0x0000000086b00000, 0x0000000086b00000|
|  80|0x0000000086c00000, 0x0000000086c00000, 0x0000000086d00000|  0%| F|  |TS  0|AC  0|TAMS 0x0000000086c00000, 0x0000000086c00000|
|  81|0x0000000086d00000, 0x0000000086d00000, 0x0000000086e00000|  0%| F|  |TS  0|AC  0|TAMS 0x0000000086d00000, 0x0000000086d00000|
|  82|0x0000000086e00000, 0x0000000086e00000, 0x0000000086f00000|  0%| F|  |TS  0|AC  0|TAMS 0x0000000086e00000, 0x0000000086e00000|
|  83|0x0000000086f00000, 0x0000000086f00000, 0x0000000087000000|  0%| F|  |TS  0|AC  0|TAMS 0x0000000086f00000, 0x0000000086f00000|
|  84|0x0000000087000000, 0x0000000087000000, 0x0000000087100000|  0%| F|  |TS  0|AC  0|TAMS 0x0000000087000000, 0x0000000087000000|
|  85|0x0000000087100000, 0x0000000087100000, 0x0000000087200000|  0%| F|  |TS  0|AC  0|TAMS 0x0000000087100000, 0x0000000087100000|
|  86|0x0000000087200000, 0x0000000087200000, 0x0000000087300000|  0%| F|  |TS  0|AC  0|TAMS 0x0000000087200000, 0x0000000087200000|
|  87|0x0000000087300000, 0x0000000087300000, 0x0000000087400000|  0%| F|  |TS  0|AC  0|TAMS 0x0000000087300000, 0x0000000087300000|
|  88|0x0000000087400000, 0x0000000087400000, 0x0000000087500000|  0%| F|  |TS  0|AC  0|TAMS 0x0000000087400000, 0x0000000087400000|
|  89|0x0000000087500000, 0x0000000087500000, 0x0000000087600000|  0%| F|  |TS  0|AC  0|TAMS 0x0000000087500000, 0x0000000087500000|
|  90|0x0000000087600000, 0x0000000087600000, 0x0000000087700000|  0%| F|  |TS  0|AC  0|TAMS 0x0000000087600000, 0x0000000087600000|
|  91|0x0000000087700000, 0x0000000087700000, 0x0000000087800000|  0%| F|  |TS  0|AC  0|TAMS 0x0000000087700000, 0x0000000087700000|
|  92|0x0000000087800000, 0x0000000087800000, 0x0000000087900000|  0%| F|  |TS  0|AC  0|TAMS 0x0000000087800000, 0x0000000087800000|
|  93|0x0000000087900000, 0x0000000087900000, 0x0000000087a00000|  0%| F|  |TS  0|AC  0|TAMS 0x0000000087900000, 0x0000000087900000|
|  94|0x0000000087a00000, 0x0000000087a00000, 0x0000000087b00000|  0%| F|  |TS  0|AC  0|TAMS 0x0000000087a00000, 0x0000000087a00000|
|  95|0x0000000087b00000, 0x0000000087b00000, 0x0000000087c00000|  0%| F|  |TS  0|AC  0|TAMS 0x0000000087b00000, 0x0000000087b00000|
|  96|0x0000000087c00000, 0x0000000087ceaab8, 0x0000000087d00000| 91%| S|CS|TS  0|AC  0|TAMS 0x0000000087c00000, 0x0000000087c00000|
|  97|0x0000000087d00000, 0x0000000087e00000, 0x0000000087e00000|100%| S|CS|TS  0|AC  0|TAMS 0x0000000087d00000, 0x0000000087d00000|
|  98|0x0000000087e00000, 0x0000000087f00000, 0x0000000087f00000|100%| S|CS|TS  0|AC  0|TAMS 0x0000000087e00000, 0x0000000087e00000|
|  99|0x0000000087f00000, 0x0000000088000000, 0x0000000088000000|100%| S|CS|TS  0|AC  0|TAMS 0x0000000087f00000, 0x0000000087f00000|
| 100|0x0000000088000000, 0x0000000088100000, 0x0000000088100000|100%| S|CS|TS  0|AC  0|TAMS 0x0000000088000000, 0x0000000088000000|
| 101|0x0000000088100000, 0x0000000088200000, 0x0000000088200000|100%| S|CS|TS  0|AC  0|TAMS 0x0000000088100000, 0x0000000088100000|
| 102|0x0000000088200000, 0x0000000088200000, 0x0000000088300000|  0%| F|  |TS  0|AC  0|TAMS 0x0000000088200000, 0x0000000088200000|
| 103|0x0000000088300000, 0x0000000088300000, 0x0000000088400000|  0%| F|  |TS  0|AC  0|TAMS 0x0000000088300000, 0x0000000088300000|
| 104|0x0000000088400000, 0x0000000088400000, 0x0000000088500000|  0%| F|  |TS  0|AC  0|TAMS 0x0000000088400000, 0x0000000088400000|
| 105|0x0000000088500000, 0x0000000088500000, 0x0000000088600000|  0%| F|  |TS  0|AC  0|TAMS 0x0000000088500000, 0x0000000088500000|
| 106|0x0000000088600000, 0x0000000088600000, 0x0000000088700000|  0%| F|  |TS  0|AC  0|TAMS 0x0000000088600000, 0x0000000088600000|
| 107|0x0000000088700000, 0x0000000088700000, 0x0000000088800000|  0%| F|  |TS  0|AC  0|TAMS 0x0000000088700000, 0x0000000088700000|
| 108|0x0000000088800000, 0x0000000088800000, 0x0000000088900000|  0%| F|  |TS  0|AC  0|TAMS 0x0000000088800000, 0x0000000088800000|
| 109|0x0000000088900000, 0x0000000088900000, 0x0000000088a00000|  0%| F|  |TS  0|AC  0|TAMS 0x0000000088900000, 0x0000000088900000|
| 110|0x0000000088a00000, 0x0000000088a00000, 0x0000000088b00000|  0%| F|  |TS  0|AC  0|TAMS 0x0000000088a00000, 0x0000000088a00000|
| 111|0x0000000088b00000, 0x0000000088b00000, 0x0000000088c00000|  0%| F|  |TS  0|AC  0|TAMS 0x0000000088b00000, 0x0000000088b00000|
| 112|0x0000000088c00000, 0x0000000088c00000, 0x0000000088d00000|  0%| F|  |TS  0|AC  0|TAMS 0x0000000088c00000, 0x0000000088c00000|
| 113|0x0000000088d00000, 0x0000000088d00000, 0x0000000088e00000|  0%| F|  |TS  0|AC  0|TAMS 0x0000000088d00000, 0x0000000088d00000|
| 114|0x0000000088e00000, 0x0000000088e00000, 0x0000000088f00000|  0%| F|  |TS  0|AC  0|TAMS 0x0000000088e00000, 0x0000000088e00000|
| 115|0x0000000088f00000, 0x0000000088f00000, 0x0000000089000000|  0%| F|  |TS  0|AC  0|TAMS 0x0000000088f00000, 0x0000000088f00000|
| 116|0x0000000089000000, 0x0000000089000000, 0x0000000089100000|  0%| F|  |TS  0|AC  0|TAMS 0x0000000089000000, 0x0000000089000000|
| 117|0x0000000089100000, 0x0000000089100000, 0x0000000089200000|  0%| F|  |TS  0|AC  0|TAMS 0x0000000089100000, 0x0000000089100000|
| 118|0x0000000089200000, 0x0000000089200000, 0x0000000089300000|  0%| F|  |TS  0|AC  0|TAMS 0x0000000089200000, 0x0000000089200000|
| 119|0x0000000089300000, 0x0000000089300000, 0x0000000089400000|  0%| F|  |TS  0|AC  0|TAMS 0x0000000089300000, 0x0000000089300000|
| 120|0x0000000089400000, 0x0000000089400000, 0x0000000089500000|  0%| F|  |TS  0|AC  0|TAMS 0x0000000089400000, 0x0000000089400000|
| 121|0x0000000089500000, 0x0000000089500000, 0x0000000089600000|  0%| F|  |TS  0|AC  0|TAMS 0x0000000089500000, 0x0000000089500000|
| 122|0x0000000089600000, 0x0000000089600000, 0x0000000089700000|  0%| F|  |TS  0|AC  0|TAMS 0x0000000089600000, 0x0000000089600000|
| 123|0x0000000089700000, 0x0000000089700000, 0x0000000089800000|  0%| F|  |TS  0|AC  0|TAMS 0x0000000089700000, 0x0000000089700000|
| 124|0x0000000089800000, 0x0000000089800000, 0x0000000089900000|  0%| F|  |TS  0|AC  0|TAMS 0x0000000089800000, 0x0000000089800000|
| 125|0x0000000089900000, 0x0000000089900000, 0x0000000089a00000|  0%| F|  |TS  0|AC  0|TAMS 0x0000000089900000, 0x0000000089900000|
| 126|0x0000000089a00000, 0x0000000089a00000, 0x0000000089b00000|  0%| F|  |TS  0|AC  0|TAMS 0x0000000089a00000, 0x0000000089a00000|
| 127|0x0000000089b00000, 0x0000000089b00000, 0x0000000089c00000|  0%| F|  |TS  0|AC  0|TAMS 0x0000000089b00000, 0x0000000089b00000|
| 128|0x0000000089c00000, 0x0000000089c00000, 0x0000000089d00000|  0%| F|  |TS  0|AC  0|TAMS 0x0000000089c00000, 0x0000000089c00000|
| 129|0x0000000089d00000, 0x0000000089d00000, 0x0000000089e00000|  0%| F|  |TS  0|AC  0|TAMS 0x0000000089d00000, 0x0000000089d00000|
| 130|0x0000000089e00000, 0x0000000089e00000, 0x0000000089f00000|  0%| F|  |TS  0|AC  0|TAMS 0x0000000089e00000, 0x0000000089e00000|
| 131|0x0000000089f00000, 0x0000000089f00000, 0x000000008a000000|  0%| F|  |TS  0|AC  0|TAMS 0x0000000089f00000, 0x0000000089f00000|
| 132|0x000000008a000000, 0x000000008a000000, 0x000000008a100000|  0%| F|  |TS  0|AC  0|TAMS 0x000000008a000000, 0x000000008a000000|
| 133|0x000000008a100000, 0x000000008a100000, 0x000000008a200000|  0%| F|  |TS  0|AC  0|TAMS 0x000000008a100000, 0x000000008a100000|
| 134|0x000000008a200000, 0x000000008a200000, 0x000000008a300000|  0%| F|  |TS  0|AC  0|TAMS 0x000000008a200000, 0x000000008a200000|
| 135|0x000000008a300000, 0x000000008a300000, 0x000000008a400000|  0%| F|  |TS  0|AC  0|TAMS 0x000000008a300000, 0x000000008a300000|
| 136|0x000000008a400000, 0x000000008a400000, 0x000000008a500000|  0%| F|  |TS  0|AC  0|TAMS 0x000000008a400000, 0x000000008a400000|
| 137|0x000000008a500000, 0x000000008a500000, 0x000000008a600000|  0%| F|  |TS  0|AC  0|TAMS 0x000000008a500000, 0x000000008a500000|
| 138|0x000000008a600000, 0x000000008a600000, 0x000000008a700000|  0%| F|  |TS  0|AC  0|TAMS 0x000000008a600000, 0x000000008a600000|
| 139|0x000000008a700000, 0x000000008a700000, 0x000000008a800000|  0%| F|  |TS  0|AC  0|TAMS 0x000000008a700000, 0x000000008a700000|
| 140|0x000000008a800000, 0x000000008a800000, 0x000000008a900000|  0%| F|  |TS  0|AC  0|TAMS 0x000000008a800000, 0x000000008a800000|
| 141|0x000000008a900000, 0x000000008a900000, 0x000000008aa00000|  0%| F|  |TS  0|AC  0|TAMS 0x000000008a900000, 0x000000008a900000|
| 142|0x000000008aa00000, 0x000000008aa00000, 0x000000008ab00000|  0%| F|  |TS  0|AC  0|TAMS 0x000000008aa00000, 0x000000008aa00000|
| 143|0x000000008ab00000, 0x000000008ab00000, 0x000000008ac00000|  0%| F|  |TS  0|AC  0|TAMS 0x000000008ab00000, 0x000000008ab00000|
| 144|0x000000008ac00000, 0x000000008ac00000, 0x000000008ad00000|  0%| F|  |TS  0|AC  0|TAMS 0x000000008ac00000, 0x000000008ac00000|
| 145|0x000000008ad00000, 0x000000008ad00000, 0x000000008ae00000|  0%| F|  |TS  0|AC  0|TAMS 0x000000008ad00000, 0x000000008ad00000|
| 146|0x000000008ae00000, 0x000000008ae00000, 0x000000008af00000|  0%| F|  |TS  0|AC  0|TAMS 0x000000008ae00000, 0x000000008ae00000|
| 147|0x000000008af00000, 0x000000008af00000, 0x000000008b000000|  0%| F|  |TS  0|AC  0|TAMS 0x000000008af00000, 0x000000008af00000|
| 148|0x000000008b000000, 0x000000008b000000, 0x000000008b100000|  0%| F|  |TS  0|AC  0|TAMS 0x000000008b000000, 0x000000008b000000|
| 149|0x000000008b100000, 0x000000008b100000, 0x000000008b200000|  0%| F|  |TS  0|AC  0|TAMS 0x000000008b100000, 0x000000008b100000|
| 150|0x000000008b200000, 0x000000008b200000, 0x000000008b300000|  0%| F|  |TS  0|AC  0|TAMS 0x000000008b200000, 0x000000008b200000|
| 151|0x000000008b300000, 0x000000008b300000, 0x000000008b400000|  0%| F|  |TS  0|AC  0|TAMS 0x000000008b300000, 0x000000008b300000|
| 152|0x000000008b400000, 0x000000008b400800, 0x000000008b500000|  0%| E|  |TS  0|AC  0|TAMS 0x000000008b400000, 0x000000008b400000|
| 153|0x000000008b500000, 0x000000008b600000, 0x000000008b600000|100%| E|CS|TS  0|AC  0|TAMS 0x000000008b500000, 0x000000008b500000|

Card table byte_map: [0x0000007cd2f90000,0x0000007cd3390000] byte_map_base: 0x0000007cd2b82000

Marking Bits (Prev, Next): (CMBitMap*) 0x0000007cba4950a8, (CMBitMap*) 0x0000007cba495070
 Prev Bits: [0x0000007cd5720000, 0x0000007cd76b0000)
 Next Bits: [0x0000007cd3790000, 0x0000007cd5720000)

Polling page: 0x0000007cba2f0000

CodeHeap 'non-profiled nmethods': size=238912Kb used=3183Kb max_used=3183Kb free=235728Kb
 bounds [0x0000007cc2f10000, 0x0000007cc3230000, 0x0000007cd1860000]
CodeHeap 'non-nmethods': size=6848Kb used=2423Kb max_used=2423Kb free=4424Kb
 bounds [0x0000007cc2860000, 0x0000007cc2ad0000, 0x0000007cc2f10000]
 total_blobs=2637 nmethods=2139 adapters=406
 compilation: enabled

Compilation events (10 events):
Event: 3.737 Thread 0x0000007cda76d000 2136       1       java.lang.invoke.LambdaFormEditor$Transform::of (9 bytes)
Event: 3.737 Thread 0x0000007cda76d000 nmethod 2136 0x0000007cc3228e10 code [0x0000007cc3228fc0, 0x0000007cc32290d0]
Event: 3.737 Thread 0x0000007cda76d000 2137       1       java.lang.invoke.LambdaFormEditor$Transform::ofBothArrays (139 bytes)
Event: 3.737 Thread 0x0000007cda764800 nmethod 2135 0x0000007cc3229190 code [0x0000007cc3229380, 0x0000007cc3229750]
Event: 3.738 Thread 0x0000007cda76d000 nmethod 2137 0x0000007cc3229910 code [0x0000007cc3229b00, 0x0000007cc3229ff0]
Event: 3.738 Thread 0x0000007cda781800 nmethod 2134 0x0000007cc322a290 code [0x0000007cc322a5a0, 0x0000007cc322b000]
Event: 3.743 Thread 0x0000007cda764800 2138       1       java.util.Arrays$ArrayList::iterator (12 bytes)
Event: 3.743 Thread 0x0000007cda76d000 2139       1       java.util.Arrays$ArrayItr::<init> (10 bytes)
Event: 3.743 Thread 0x0000007cda764800 nmethod 2138 0x0000007cc322b810 code [0x0000007cc322b9c0, 0x0000007cc322bb78]
Event: 3.743 Thread 0x0000007cda76d000 nmethod 2139 0x0000007cc322bc10 code [0x0000007cc322bdc0, 0x0000007cc322bf18]

GC Heap History (10 events):
Event: 1.357 GC heap before
{Heap before GC invocations=1 (full 0):
 garbage-first heap   total 131072K, used 19362K [0x0000000081c00000, 0x0000000081d00400, 0x0000000100000000)
  region size 1024K, 10 young (10240K), 2 survivors (2048K)
 Metaspace       used 6770K, capacity 6890K, committed 7040K, reserved 1056768K
  class space    used 741K, capacity 773K, committed 896K, reserved 1048576K
}
Event: 1.366 GC heap after
{Heap after GC invocations=2 (full 0):
 garbage-first heap   total 131072K, used 18071K [0x0000000081c00000, 0x0000000081d00400, 0x0000000100000000)
  region size 1024K, 2 young (2048K), 2 survivors (2048K)
 Metaspace       used 6770K, capacity 6890K, committed 7040K, reserved 1056768K
  class space    used 741K, capacity 773K, committed 896K, reserved 1048576K
}
Event: 2.226 GC heap before
{Heap before GC invocations=2 (full 0):
 garbage-first heap   total 131072K, used 34455K [0x0000000081c00000, 0x0000000081d00400, 0x0000000100000000)
  region size 1024K, 18 young (18432K), 2 survivors (2048K)
 Metaspace       used 11557K, capacity 12198K, committed 12416K, reserved 1060864K
  class space    used 1399K, capacity 1548K, committed 1664K, reserved 1048576K
}
Event: 2.235 GC heap after
{Heap after GC invocations=3 (full 0):
 garbage-first heap   total 131072K, used 20207K [0x0000000081c00000, 0x0000000081d00400, 0x0000000100000000)
  region size 1024K, 2 young (2048K), 2 survivors (2048K)
 Metaspace       used 11557K, capacity 12198K, committed 12416K, reserved 1060864K
  class space    used 1399K, capacity 1548K, committed 1664K, reserved 1048576K
}
Event: 2.486 GC heap before
{Heap before GC invocations=3 (full 0):
 garbage-first heap   total 131072K, used 44783K [0x0000000081c00000, 0x0000000081d00400, 0x0000000100000000)
  region size 1024K, 26 young (26624K), 2 survivors (2048K)
 Metaspace       used 12984K, capacity 13612K, committed 13824K, reserved 1060864K
  class space    used 1631K, capacity 1775K, committed 1792K, reserved 1048576K
}
Event: 2.495 GC heap after
{Heap after GC invocations=4 (full 0):
 garbage-first heap   total 131072K, used 21615K [0x0000000081c00000, 0x0000000081d00400, 0x0000000100000000)
  region size 1024K, 4 young (4096K), 4 survivors (4096K)
 Metaspace       used 12984K, capacity 13612K, committed 13824K, reserved 1060864K
  class space    used 1631K, capacity 1775K, committed 1792K, reserved 1048576K
}
Event: 3.020 GC heap before
{Heap before GC invocations=4 (full 0):
 garbage-first heap   total 131072K, used 61551K [0x0000000081c00000, 0x0000000081d00400, 0x0000000100000000)
  region size 1024K, 43 young (44032K), 4 survivors (4096K)
 Metaspace       used 15329K, capacity 16176K, committed 16256K, reserved 1062912K
  class space    used 1945K, capacity 2128K, committed 2176K, reserved 1048576K
}
Event: 3.035 GC heap after
{Heap after GC invocations=5 (full 0):
 garbage-first heap   total 157696K, used 22892K [0x0000000081c00000, 0x0000000081d004d0, 0x0000000100000000)
  region size 1024K, 4 young (4096K), 4 survivors (4096K)
 Metaspace       used 15329K, capacity 16176K, committed 16256K, reserved 1062912K
  class space    used 1945K, capacity 2128K, committed 2176K, reserved 1048576K
}
Event: 3.707 GC heap before
{Heap before GC invocations=5 (full 0):
 garbage-first heap   total 157696K, used 75116K [0x0000000081c00000, 0x0000000081d004d0, 0x0000000100000000)
  region size 1024K, 56 young (57344K), 4 survivors (4096K)
 Metaspace       used 19995K, capacity 21228K, committed 21296K, reserved 1067008K
  class space    used 2655K, capacity 2922K, committed 2944K, reserved 1048576K
}
Event: 3.721 GC heap after
{Heap after GC invocations=6 (full 0):
 garbage-first heap   total 157696K, used 25749K [0x0000000081c00000, 0x0000000081d004d0, 0x0000000100000000)
  region size 1024K, 6 young (6144K), 6 survivors (6144K)
 Metaspace       used 19995K, capacity 21228K, committed 21296K, reserved 1067008K
  class space    used 2655K, capacity 2922K, committed 2944K, reserved 1048576K
}

Deoptimization events (0 events):
No events

Classes redefined (0 events):
No events

Internal exceptions (10 events):
Event: 3.597 Thread 0x0000007cdc5a7800 Exception <a 'java/lang/reflect/InvocationTargetException'{0x000000008b1a0468}> (0x000000008b1a0468) thrown at [t:/workspace/hotspot/src/share/vm/runtime/reflection.cpp, line 1213]
Event: 3.621 Thread 0x0000007cba3fd800 Exception <a 'java/lang/NoSuchMethodError'{0x0000000088b95838}: java.lang.invoke.DirectMethodHandle$Holder.invokeStaticInit(Ljava/lang/Object;Ljava/lang/Object;)V> (0x0000000088b95838) thrown at [t:/workspace/hotspot/src/share/vm/interpreter/linkResolver.
Event: 3.681 Thread 0x0000007cba3fd800 Exception <a 'java/lang/NoSuchMethodError'{0x00000000884b93b0}: java.lang.invoke.DirectMethodHandle$Holder.invokeSpecial(Ljava/lang/Object;Ljava/lang/Object;IILjava/lang/Object;Ljava/lang/Object;Ljava/lang/Object;)Ljava/lang/Object;> (0x00000000884b93b0) 
Event: 3.682 Thread 0x0000007cba3fd800 Exception <a 'java/lang/NoSuchMethodError'{0x00000000884bc9c8}: java.lang.invoke.DelegatingMethodHandle$Holder.reinvoke_L(Ljava/lang/Object;IILjava/lang/Object;Ljava/lang/Object;Ljava/lang/Object;)Ljava/lang/Object;> (0x00000000884bc9c8) thrown at [t:/wor
Event: 3.688 Thread 0x0000007cba3fd800 Exception <a 'java/lang/NoSuchMethodError'{0x00000000884c13e0}: method resolution failed> (0x00000000884c13e0) thrown at [t:/workspace/hotspot/src/share/vm/prims/methodHandles.cpp, line 1256]
Event: 3.689 Thread 0x0000007cba3fd800 Exception <a 'java/lang/NoSuchMethodError'{0x00000000884d5ac0}: method resolution failed> (0x00000000884d5ac0) thrown at [t:/workspace/hotspot/src/share/vm/prims/methodHandles.cpp, line 1256]
Event: 3.695 Thread 0x0000007cba3fd800 Exception <a 'java/lang/NoSuchMethodError'{0x0000000088350d90}: method resolution failed> (0x0000000088350d90) thrown at [t:/workspace/hotspot/src/share/vm/prims/methodHandles.cpp, line 1256]
Event: 3.697 Thread 0x0000007cba3fd800 Exception <a 'java/lang/NoSuchMethodError'{0x0000000088367af8}: method resolution failed> (0x0000000088367af8) thrown at [t:/workspace/hotspot/src/share/vm/prims/methodHandles.cpp, line 1256]
Event: 3.700 Thread 0x0000007cba3fd800 Exception <a 'java/lang/NoSuchMethodError'{0x00000000883800a0}: method resolution failed> (0x00000000883800a0) thrown at [t:/workspace/hotspot/src/share/vm/prims/methodHandles.cpp, line 1256]
Event: 3.734 Thread 0x0000007cdca2f000 Exception <a 'java/lang/NoSuchMethodError'{0x000000008b5478c0}: java.lang.invoke.DirectMethodHandle$Holder.invokeSpecial(Ljava/lang/Object;Ljava/lang/Object;Ljava/lang/Object;Ljava/lang/Object;Ljava/lang/Object;)V> (0x000000008b5478c0) thrown at [t:/works

Events (10 events):
Event: 3.757 loading class com/sun/org/apache/xerces/internal/xni/parser/XMLDTDContentModelSource done
Event: 3.757 loading class com/sun/org/apache/xerces/internal/xni/parser/XMLDTDScanner done
Event: 3.757 loading class com/sun/org/apache/xerces/internal/impl/XMLDTDScannerImpl done
Event: 3.758 loading class com/sun/org/apache/xerces/internal/impl/dtd/XMLDTDProcessor
Event: 3.758 Executing VM operation: CGC_Operation
Event: 3.758 loading class com/sun/org/apache/xerces/internal/xni/parser/XMLDTDFilter
Event: 3.758 loading class com/sun/org/apache/xerces/internal/xni/parser/XMLDTDFilter done
Event: 3.758 loading class com/sun/org/apache/xerces/internal/xni/parser/XMLDTDContentModelFilter
Event: 3.758 loading class com/sun/org/apache/xerces/internal/xni/parser/XMLDTDContentModelFilter done
Event: 3.759 loading class com/sun/org/apache/xerces/internal/impl/dtd/XMLDTDProcessor done


Dynamic libraries:
0x00007ff695240000 - 0x00007ff69527e000 	C:\Program Files\Java\jre-9.0.4\bin\javaw.exe
0x00007ffc78320000 - 0x00007ffc784cd000 	C:\WINDOWS\SYSTEM32\ntdll.dll
0x00007ffc762c0000 - 0x00007ffc763ff000 	C:\WINDOWS\system32\KERNEL32.DLL
0x00007ffc75650000 - 0x00007ffc75766000 	C:\WINDOWS\system32\KERNELBASE.dll
0x00007ffc76650000 - 0x00007ffc766fa000 	C:\WINDOWS\system32\ADVAPI32.dll
0x00007ffc76070000 - 0x00007ffc761e7000 	C:\WINDOWS\system32\USER32.dll
0x00007ffc73540000 - 0x00007ffc737bb000 	C:\WINDOWS\WinSxS\amd64_microsoft.windows.common-controls_6595b64144ccf1df_6.0.9600.19291_none_6248a9f3ecb5e89b\COMCTL32.dll
0x00007ffc6f910000 - 0x00007ffc6f91a000 	C:\WINDOWS\SYSTEM32\VERSION.dll
0x00007ffc781a0000 - 0x00007ffc7824a000 	C:\WINDOWS\system32\msvcrt.dll
0x00007ffc78070000 - 0x00007ffc780c9000 	C:\WINDOWS\SYSTEM32\sechost.dll
0x00007ffc759b0000 - 0x00007ffc75af0000 	C:\WINDOWS\system32\RPCRT4.dll
0x00007ffc76400000 - 0x00007ffc7654c000 	C:\WINDOWS\system32\GDI32.dll
0x00007ffc755d0000 - 0x00007ffc755fe000 	C:\WINDOWS\system32\SspiCli.dll
0x00007ffc76610000 - 0x00007ffc76646000 	C:\WINDOWS\system32\IMM32.DLL
0x00007ffc75ee0000 - 0x00007ffc76031000 	C:\WINDOWS\system32\MSCTF.dll
0x00007ffc520d0000 - 0x00007ffc521bf000 	C:\Program Files\Java\jre-9.0.4\bin\msvcr120.dll
0x00007ffc58530000 - 0x00007ffc585d6000 	C:\Program Files\Java\jre-9.0.4\bin\msvcp120.dll
0x0000000059680000 - 0x000000005a0a5000 	C:\Program Files\Java\jre-9.0.4\bin\server\jvm.dll
0x00007ffc6bac0000 - 0x00007ffc6bac9000 	C:\WINDOWS\SYSTEM32\WSOCK32.dll
0x00007ffc704e0000 - 0x00007ffc70502000 	C:\WINDOWS\SYSTEM32\WINMM.dll
0x00007ffc780d0000 - 0x00007ffc780d7000 	C:\WINDOWS\system32\PSAPI.DLL
0x00007ffc78250000 - 0x00007ffc782aa000 	C:\WINDOWS\system32\WS2_32.dll
0x00007ffc704b0000 - 0x00007ffc704da000 	C:\WINDOWS\SYSTEM32\WINMMBASE.dll
0x00007ffc78060000 - 0x00007ffc78069000 	C:\WINDOWS\system32\NSI.dll
0x00007ffc75600000 - 0x00007ffc7564f000 	C:\WINDOWS\SYSTEM32\cfgmgr32.dll
0x00007ffc74240000 - 0x00007ffc74268000 	C:\WINDOWS\SYSTEM32\DEVOBJ.dll
0x00007ffc64990000 - 0x00007ffc6499f000 	C:\Program Files\Java\jre-9.0.4\bin\verify.dll
0x00007ffc5bdc0000 - 0x00007ffc5bde7000 	C:\Program Files\Java\jre-9.0.4\bin\java.dll
0x00007ffc5eee0000 - 0x00007ffc5eef6000 	C:\Program Files\Java\jre-9.0.4\bin\zip.dll
0x00007ffc5eea0000 - 0x00007ffc5eeaa000 	C:\Program Files\Java\jre-9.0.4\bin\jimage.dll
0x00007ffc76b30000 - 0x00007ffc7805b000 	C:\WINDOWS\system32\SHELL32.dll
0x00007ffc76700000 - 0x00007ffc76910000 	C:\WINDOWS\SYSTEM32\combase.dll
0x00007ffc76910000 - 0x00007ffc76964000 	C:\WINDOWS\system32\SHLWAPI.dll
0x00007ffc739c0000 - 0x00007ffc73a72000 	C:\WINDOWS\SYSTEM32\SHCORE.dll
0x00007ffc75450000 - 0x00007ffc75465000 	C:\WINDOWS\SYSTEM32\profapi.dll
0x00007ffc5ece0000 - 0x00007ffc5ecfa000 	C:\Program Files\Java\jre-9.0.4\bin\net.dll
0x00007ffc65510000 - 0x00007ffc655d9000 	C:\WINDOWS\SYSTEM32\WINHTTP.dll
0x00007ffc744d0000 - 0x00007ffc744f0000 	C:\WINDOWS\system32\PrxerDrv.dll
0x00007ffc74ce0000 - 0x00007ffc74d39000 	C:\WINDOWS\system32\mswsock.dll
0x00007ffc5bda0000 - 0x00007ffc5bdb1000 	C:\Program Files\Java\jre-9.0.4\bin\nio.dll
0x00007ffc52ff0000 - 0x00007ffc52ff9000 	C:\Program Files\Java\jre-9.0.4\bin\management.dll
0x00007ffc52fe0000 - 0x00007ffc52fea000 	C:\Program Files\Java\jre-9.0.4\bin\management_ext.dll
0x00007ffc6d9a0000 - 0x00007ffc6d9bc000 	C:\WINDOWS\system32\PrxerNsp.dll
0x00007ffc74ae0000 - 0x00007ffc74b84000 	C:\WINDOWS\SYSTEM32\DNSAPI.dll
0x00007ffc654a0000 - 0x00007ffc654b5000 	C:\WINDOWS\system32\napinsp.dll
0x00007ffc65480000 - 0x00007ffc6549a000 	C:\WINDOWS\system32\pnrpnsp.dll
0x00007ffc725c0000 - 0x00007ffc725db000 	C:\WINDOWS\system32\NLAapi.dll
0x00007ffc65350000 - 0x00007ffc6535d000 	C:\WINDOWS\System32\winrnr.dll
0x00007ffc65330000 - 0x00007ffc65344000 	C:\WINDOWS\system32\wshbth.dll
0x00007ffc65390000 - 0x00007ffc6539a000 	C:\Windows\System32\rasadhlp.dll
0x00007ffc71d80000 - 0x00007ffc71daa000 	C:\WINDOWS\SYSTEM32\IPHLPAPI.DLL
0x00007ffc71d70000 - 0x00007ffc71d7a000 	C:\WINDOWS\SYSTEM32\WINNSI.DLL
0x00007ffc6fb70000 - 0x00007ffc6fbdb000 	C:\WINDOWS\System32\fwpuclnt.dll
0x00007ffc74d40000 - 0x00007ffc74d60000 	C:\WINDOWS\SYSTEM32\CRYPTSP.dll
0x00007ffc74960000 - 0x00007ffc74996000 	C:\WINDOWS\system32\rsaenh.dll
0x00007ffc74f90000 - 0x00007ffc74fb6000 	C:\WINDOWS\SYSTEM32\bcrypt.dll
0x00007ffc74a70000 - 0x00007ffc74a91000 	C:\WINDOWS\SYSTEM32\USERENV.dll
0x00007ffc752b0000 - 0x00007ffc75313000 	C:\WINDOWS\system32\bcryptprimitives.dll
0x00007ffc75320000 - 0x00007ffc7532b000 	C:\WINDOWS\SYSTEM32\CRYPTBASE.dll
0x00007ffc6f8d0000 - 0x00007ffc6f8e6000 	C:\WINDOWS\SYSTEM32\dhcpcsvc6.DLL
0x00007ffc6fb50000 - 0x00007ffc6fb6a000 	C:\WINDOWS\SYSTEM32\dhcpcsvc.DLL
0x00007ffc65080000 - 0x00007ffc65209000 	C:\WINDOWS\SYSTEM32\dbghelp.dll

VM Arguments:
jvm_args: -Dcom.sun.management.jmxremote -Dcom.sun.management.jmxremote.port=49699 -Dcom.sun.management.jmxremote.authenticate=false -Dcom.sun.management.jmxremote.ssl=false -Djava.rmi.server.hostname=localhost -Dspring.application.admin.enabled=true -Xverify:none -XX:TieredStopAtLevel=1 -Dfile.encoding=UTF-8 
java_command: com.example.demo.VesperSdfuApplication --spring.output.ansi.enabled=always
java_class_path (initial): C:\Users\DELL\Desktop\Vesper-sdfu\target\classes;C:\Users\DELL\.m2\repository\org\springframework\boot\spring-boot-starter-web\2.1.4.RELEASE\spring-boot-starter-web-2.1.4.RELEASE.jar;C:\Users\DELL\.m2\repository\org\springframework\boot\spring-boot-starter-json\2.1.4.RELEASE\spring-boot-starter-json-2.1.4.RELEASE.jar;C:\Users\DELL\.m2\repository\org\hibernate\validator\hibernate-validator\6.0.16.Final\hibernate-validator-6.0.16.Final.jar;C:\Users\DELL\.m2\repository\javax\validation\validation-api\2.0.1.Final\validation-api-2.0.1.Final.jar;C:\Users\DELL\.m2\repository\org\jboss\logging\jboss-logging\3.3.2.Final\jboss-logging-3.3.2.Final.jar;C:\Users\DELL\.m2\repository\org\springframework\spring-web\5.1.6.RELEASE\spring-web-5.1.6.RELEASE.jar;C:\Users\DELL\.m2\repository\org\springframework\spring-beans\5.1.6.RELEASE\spring-beans-5.1.6.RELEASE.jar;C:\Users\DELL\.m2\repository\org\springframework\spring-webmvc\5.1.6.RELEASE\spring-webmvc-5.1.6.RELEASE.jar;C:\Users\DELL\.m2\repository\org\springframework\spring-aop\5.1.6.RELEASE\spring-aop-5.1.6.RELEASE.jar;C:\Users\DELL\.m2\repository\org\springframework\spring-context\5.1.6.RELEASE\spring-context-5.1.6.RELEASE.jar;C:\Users\DELL\.m2\repository\org\springframework\spring-expression\5.1.6.RELEASE\spring-expression-5.1.6.RELEASE.jar;C:\Users\DELL\.m2\repository\org\springframework\boot\spring-boot-starter-data-solr\2.1.4.RELEASE\spring-boot-starter-data-solr-2.1.4.RELEASE.jar;C:\Users\DELL\.m2\repository\org\apache\solr\solr-solrj\7.7.1\solr-solrj-7.7.1.jar;C:\Users\DELL\.m2\repository\org\apache\commons\commons-math3\3.6.1\commons-math3-3.6.1.jar;C:\Users\DELL\.m2\repository\org\apache\httpcomponents\httpclient\4.5.8\httpclient-4.5.8.jar;C:\Users\DELL\.m2\repository\org\apache\httpcomponents\httpcore\4.4.11\httpcore-4.4.11.jar;C:\Users\DELL\.m2\repository\org\apache\zookeeper\zookeeper\3.4.13\zookeeper-3.4.13.jar;C:\Users\DELL\.m2\repository\org\codehaus\woodstox\stax2-api\3.1.4\stax2-api-3.
Launcher Type: SUN_STANDARD

Logging:
Log output configuration:
#0: stdout all=warning uptime,level,tags
#1: stderr all=off uptime,level,tags

Environment Variables:
JAVA_HOME=C:\Program Files\Java\jdk1.8.0_51
CLASSPATH=C:\Program Files\Java\jdk1.8.0_161\bin
PATH=C:/Program Files/Java/jre1.8.0_161/bin/server;C:/Program Files/Java/jre1.8.0_161/bin;C:/Program Files/Java/jre1.8.0_161/lib/amd64;C:\MinGW\bin;C:\MinGW\libexec\gcc\x86_64-w64-mingw32\7.3.0;C:\MinGW\libexec\gcc\x86_64-pc-mingw32\6.1.0;C:\app\Avinash\product\12.1.0\dbhome_2\bin;C:\ProgramData\Oracle\Java\javapath;c:\Program Files (x86)\Intel\iCLS Client\;c:\Program Files\Intel\iCLS Client\;C:\WINDOWS\system32;C:\WINDOWS;C:\WINDOWS\System32\Wbem;C:\WINDOWS\System32\WindowsPowerShell\v1.0\;C:\Program Files\Intel\Intel(R) Management Engine Components\DAL;C:\Program Files\Intel\Intel(R) Management Engine Components\IPT;C:\Program Files (x86)\Intel\Intel(R) Management Engine Components\DAL;C:\Program Files (x86)\Intel\Intel(R) Management Engine Components\IPT;c:\Program Files (x86)\ATI Technologies\ATI.ACE\Core-Static;C:\Program Files\Intel\WiFi\bin\;C:\Program Files\Common Files\Intel\WirelessCommon\;C:\Program Files\Java\jdk1.8.0_51\bin;C:\Program Files\Java\jdk1.8.0_101\bin;C:\Program Files\Java\jre1.8.0_101\bin;C:\Program Files\MySQL\MySQL Server 5.5\bin;%OPENCV_DIR%\bin;C:\Program Files\nodejs\;C:\Program Files\Git\cmd;C:\Program Files (x86)\Yarn\bin\;C:\PostgreSQL\pg11\bin;C:\Users\DELL\AppData\Local\Programs\Python\Python37-32\Scripts\;C:\Users\DELL\AppData\Local\Programs\Python\Python37-32\;C:\Program Files\Java\jdk1.8.0_161\bin;C:\Users\DELL\AppData\Roaming\npm;C:\Users\DELL\AppData\Local\Yarn\bin;C:\spring-tool-suite-4-4.0.0.RELEASE-e4.9.0-win32.win32.x86_64\sts-4.0.0.RELEASE;
USERNAME=Avinash
OS=Windows_NT
PROCESSOR_IDENTIFIER=Intel64 Family 6 Model 69 Stepping 1, GenuineIntel



---------------  S Y S T E M  ---------------

OS: Windows 8.1 , 64 bit Build 9600 (6.3.9600.19326)

CPU:total 4 (initial active 4) (2 cores per cpu, 2 threads per core) family 6 model 69 stepping 1, cmov, cx8, fxsr, mmx, sse, sse2, sse3, ssse3, sse4.1, sse4.2, popcnt, avx, avx2, aes, clmul, erms, lzcnt, ht, tsc, tscinvbit, bmi1, bmi2, fma

Memory: 4k page, physical 8266712k(1009460k free), swap 16655320k(8125452k free)

vm_info: Java HotSpot(TM) 64-Bit Server VM (9.0.4+11) for windows-amd64 JRE (9.0.4+11), built on Dec 20 2017 02:18:54 by "mach5one" with MS VC++ 12.0 (VS2013)

END.
